<?xml version="1.0" encoding="UTF-8"?>
<!-- Generated by org.testng.reporters.JUnitXMLReporter -->
<testsuite hostname="LAP0002717" ignored="0" name="Test" tests="3" failures="0" timestamp="25 Jul 2019 11:12:15 GMT" time="3.119" errors="0">
  <testcase name="search" time="2.868" classname="restAssuredFramework.AgodaBookingFlow"/>
  <testcase name="search" time="0.187" classname="restAssuredFramework.AgodaBookingFlow"/>
  <testcase name="testcase1" time="0.0" classname="restAssuredFramework.AgodaBookingFlow"/>
</testsuite> <!-- Test -->
