<?xml version="1.0" encoding="UTF-8"?>
<testsuite xmlns:xsi="http://www.w3.org/2001/XMLSchema-instance" xsi:noNamespaceSchemaLocation="https://maven.apache.org/surefire/maven-surefire-plugin/xsd/surefire-test-report-3.0.xsd" version="3.0" name="TestSuite" time="6.412" tests="3" errors="0" skipped="0" failures="0">
  <properties>
[...]
</properties>
  <testcase name="search" classname="restAssuredFramework.AgodaBookingFlow" time="5.001"/>
  <testcase name="search" classname="restAssuredFramework.AgodaBookingFlow" time="0.797"/>
  <testcase name="testcase1" classname="restAssuredFramework.AgodaBookingFlow" time="0.001"/>
</testsuite>